\BOOKMARK [0][-]{chapter*.2}{Pref\341cio}{}% 1
\BOOKMARK [0][-]{chapter*.3}{Introdu\347\343o}{}% 2
\BOOKMARK [0][-]{chapter.1}{Divisibilidade}{}% 3
\BOOKMARK [1][-]{section.1.1}{Divis\343o Euclidiana}{chapter.1}% 4
\BOOKMARK [1][-]{section.1.2}{Primos}{chapter.1}% 5
\BOOKMARK [1][-]{section.1.3}{MDC}{chapter.1}% 6
\BOOKMARK [1][-]{section.1.4}{Teorema Fundamental da Aritm\351tica}{chapter.1}% 7
\BOOKMARK [1][-]{section.1.5}{Fra\347\365es Cont\355nuas}{chapter.1}% 8
\BOOKMARK [1][-]{section.1.6}{Aritm\351tica em Outros Aneis}{chapter.1}% 9
\BOOKMARK [1][-]{section.1.7}{Explore!}{chapter.1}% 10
\BOOKMARK [2][-]{subsection.1.7.1}{Quantos zeros no final de n!?}{section.1.7}% 11
\BOOKMARK [2][-]{subsection.1.7.2}{N\372meros Perfeitos}{section.1.7}% 12
\BOOKMARK [2][-]{subsection.1.7.3}{Conjectura de Collatz}{section.1.7}% 13
\BOOKMARK [2][-]{subsection.1.7.4}{Primos G\352meos}{section.1.7}% 14
\BOOKMARK [2][-]{subsection.1.7.5}{Sequ\352ncias Recorrentes e Express\365es Simb\363licas}{section.1.7}% 15
\BOOKMARK [1][-]{section.1.8}{Exerc\355cios}{chapter.1}% 16
\BOOKMARK [0][-]{chapter.2}{Aritm\351tica Modular}{}% 17
\BOOKMARK [1][-]{section.2.1}{A congru\352ncia m\363dulo m}{chapter.2}% 18
\BOOKMARK [1][-]{section.2.2}{Invert\355veis m\363dulo m}{chapter.2}% 19
\BOOKMARK [1][-]{section.2.3}{Fermat, Euler e Wilson}{chapter.2}% 20
\BOOKMARK [1][-]{section.2.4}{Teorema Chines dos Restos}{chapter.2}% 21
\BOOKMARK [1][-]{section.2.5}{Criptografia \(como subse\347\343o do Explore?\)}{chapter.2}% 22
\BOOKMARK [1][-]{section.2.6}{Explore!}{chapter.2}% 23
\BOOKMARK [2][-]{subsection.2.6.1}{Algoritmo AKS - Primos em P}{section.2.6}% 24
\BOOKMARK [2][-]{subsection.2.6.2}{Teste de Miller-Rabin}{section.2.6}% 25
\BOOKMARK [2][-]{subsection.2.6.3}{Encontrando a,b Z tais que p = a2 + b2}{section.2.6}% 26
\BOOKMARK [1][-]{section.2.7}{Exercises}{chapter.2}% 27
